<?xml version="1.0" encoding="UTF-8" ?>
<testsuite failures="0" time="0.109" errors="0" skipped="0" tests="1" name="com.line.pinecone.model.AppTest">
  <properties>
    <property name="java.runtime.name" value="Java(TM) SE Runtime Environment"/>
    <property name="sun.boot.library.path" value="E:\Java\jdk1.6.0_23\jre\bin"/>
    <property name="java.vm.version" value="19.0-b09"/>
    <property name="java.vm.vendor" value="Sun Microsystems Inc."/>
    <property name="java.vendor.url" value="http://java.sun.com/"/>
    <property name="path.separator" value=";"/>
    <property name="java.vm.name" value="Java HotSpot(TM) Client VM"/>
    <property name="file.encoding.pkg" value="sun.io"/>
    <property name="user.country" value="CN"/>
    <property name="sun.java.launcher" value="SUN_STANDARD"/>
    <property name="sun.os.patch.level" value="Service Pack 3"/>
    <property name="java.vm.specification.name" value="Java Virtual Machine Specification"/>
    <property name="user.dir" value="E:\Java\projects-google\model"/>
    <property name="java.runtime.version" value="1.6.0_23-b05"/>
    <property name="java.awt.graphicsenv" value="sun.awt.Win32GraphicsEnvironment"/>
    <property name="basedir" value="E:\Java\projects-google\model"/>
    <property name="java.endorsed.dirs" value="E:\Java\jdk1.6.0_23\jre\lib\endorsed"/>
    <property name="os.arch" value="x86"/>
    <property name="surefire.real.class.path" value="C:\DOCUME~1\Bill\LOCALS~1\Temp\surefirebooter4318195794846688063.jar"/>
    <property name="java.io.tmpdir" value="C:\DOCUME~1\Bill\LOCALS~1\Temp\"/>
    <property name="line.separator" value="
"/>
    <property name="java.vm.specification.vendor" value="Sun Microsystems Inc."/>
    <property name="user.variant" value=""/>
    <property name="os.name" value="Windows XP"/>
    <property name="sun.jnu.encoding" value="GBK"/>
    <property name="java.library.path" value="E:\Java\jdk1.6.0_23\jre\bin;.;C:\WINDOWS\Sun\Java\bin;C:\WINDOWS\system32;C:\WINDOWS;E:\Perl\bin\;C:\WINDOWS\system32;C:\WINDOWS;C:\WINDOWS\System32\Wbem;E:\Java\jdk1.6.0_23\bin;E:\Rational\common;E:\Java\android-sdk-windows-1.5_r2\tools;E:\Java\apache-ant-1.7.1\bin;E:\Java\glassfishv3-prelude\bin;E:\Java\projects-Europa\OpenCVEclipse\docs\dll;C:\Program Files\Common Files\Thunder Network\KanKan\Codecs;E:\Java\grails-1.1\bin;E:\Java\Groovy-1.6.0\bin;E:\MySQL\MySQL Server 5.0\bin;E:\Java\OPhone SDK\tools;%M2%;E:\Adobe\Flex Builder 3\Player\win;E:\Symantec\pcAnywhere\;E:\Java\Android\android-sdk_r08-windows\tools;E:\Java\Android\android-sdk_r08-windows\platform-tools;E:\TortoiseSVN\bin;C:\Program Files\OpenCV\bin;E:\Java\apache-maven-2.2.1\bin;;D:\SSH Communications Security\SSH Secure Shell"/>
    <property name="surefire.test.class.path" value="E:\Java\projects-google\model\target\test-classes;E:\Java\projects-google\model\target\classes;E:\java\maven\repository\junit\junit\3.8.1\junit-3.8.1.jar;"/>
    <property name="java.specification.name" value="Java Platform API Specification"/>
    <property name="java.class.version" value="50.0"/>
    <property name="sun.management.compiler" value="HotSpot Client Compiler"/>
    <property name="os.version" value="5.1"/>
    <property name="user.home" value="C:\Documents and Settings\Bill"/>
    <property name="user.timezone" value=""/>
    <property name="java.awt.printerjob" value="sun.awt.windows.WPrinterJob"/>
    <property name="java.specification.version" value="1.6"/>
    <property name="file.encoding" value="GBK"/>
    <property name="user.name" value="Bill"/>
    <property name="java.class.path" value="E:\Java\projects-google\model\target\test-classes;E:\Java\projects-google\model\target\classes;E:\java\maven\repository\junit\junit\3.8.1\junit-3.8.1.jar;"/>
    <property name="java.vm.specification.version" value="1.0"/>
    <property name="sun.arch.data.model" value="32"/>
    <property name="java.home" value="E:\Java\jdk1.6.0_23\jre"/>
    <property name="java.specification.vendor" value="Sun Microsystems Inc."/>
    <property name="user.language" value="zh"/>
    <property name="awt.toolkit" value="sun.awt.windows.WToolkit"/>
    <property name="java.vm.info" value="mixed mode, sharing"/>
    <property name="java.version" value="1.6.0_23"/>
    <property name="java.ext.dirs" value="E:\Java\jdk1.6.0_23\jre\lib\ext;C:\WINDOWS\Sun\Java\lib\ext"/>
    <property name="sun.boot.class.path" value="E:\Java\jdk1.6.0_23\jre\lib\resources.jar;E:\Java\jdk1.6.0_23\jre\lib\rt.jar;E:\Java\jdk1.6.0_23\jre\lib\sunrsasign.jar;E:\Java\jdk1.6.0_23\jre\lib\jsse.jar;E:\Java\jdk1.6.0_23\jre\lib\jce.jar;E:\Java\jdk1.6.0_23\jre\lib\charsets.jar;E:\Java\jdk1.6.0_23\jre\lib\modules\jdk.boot.jar;E:\Java\jdk1.6.0_23\jre\classes"/>
    <property name="java.vendor" value="Sun Microsystems Inc."/>
    <property name="localRepository" value="E:\java\maven\repository"/>
    <property name="file.separator" value="\"/>
    <property name="java.vendor.url.bug" value="http://java.sun.com/cgi-bin/bugreport.cgi"/>
    <property name="sun.cpu.endian" value="little"/>
    <property name="sun.io.unicode.encoding" value="UnicodeLittle"/>
    <property name="sun.desktop" value="windows"/>
    <property name="sun.cpu.isalist" value="pentium_pro+mmx pentium_pro pentium+mmx pentium i486 i386 i86"/>
  </properties>
  <testcase time="0" classname="com.line.pinecone.model.AppTest" name="testApp"/>
</testsuite>